0 info it worked if it ends with ok
1 verbose cli [ '/usr/local/bin/node',
1 verbose cli   '/Users/pauladdicottevans/.node/bin/npm',
1 verbose cli   'start' ]
2 info using npm@3.3.10
3 info using node@v5.0.0
4 verbose run-script [ 'prestart', 'start', 'poststart' ]
5 info lifecycle socket-chat-example@0.0.1~prestart: socket-chat-example@0.0.1
6 silly lifecycle socket-chat-example@0.0.1~prestart: no script for prestart, continuing
7 info lifecycle socket-chat-example@0.0.1~start: socket-chat-example@0.0.1
8 verbose lifecycle socket-chat-example@0.0.1~start: unsafe-perm in lifecycle true
9 verbose lifecycle socket-chat-example@0.0.1~start: PATH: /Users/pauladdicottevans/.node/lib/node_modules/npm/bin/node-gyp-bin:/Users/pauladdicottevans/Projects/socket-test-server/node_modules/.bin:/Users/pauladdicottevans/.node/bin:/usr/local/share/npm/bin:/usr/local/bin:/usr/bin:/bin:/usr/sbin:/sbin
10 verbose lifecycle socket-chat-example@0.0.1~start: CWD: /Users/pauladdicottevans/Projects/socket-test-server
11 silly lifecycle socket-chat-example@0.0.1~start: Args: [ '-c', 'node server.js' ]
12 silly lifecycle socket-chat-example@0.0.1~start: Returned: code: 1  signal: null
13 info lifecycle socket-chat-example@0.0.1~start: Failed to exec start script
14 verbose stack Error: socket-chat-example@0.0.1 start: `node server.js`
14 verbose stack Exit status 1
14 verbose stack     at EventEmitter.<anonymous> (/Users/pauladdicottevans/.node/lib/node_modules/npm/lib/utils/lifecycle.js:232:16)
14 verbose stack     at emitTwo (events.js:87:13)
14 verbose stack     at EventEmitter.emit (events.js:172:7)
14 verbose stack     at ChildProcess.<anonymous> (/Users/pauladdicottevans/.node/lib/node_modules/npm/lib/utils/spawn.js:24:14)
14 verbose stack     at emitTwo (events.js:87:13)
14 verbose stack     at ChildProcess.emit (events.js:172:7)
14 verbose stack     at maybeClose (internal/child_process.js:818:16)
14 verbose stack     at Process.ChildProcess._handle.onexit (internal/child_process.js:211:5)
15 verbose pkgid socket-chat-example@0.0.1
16 verbose cwd /Users/pauladdicottevans/Projects/socket-test-server
17 error Darwin 15.0.0
18 error argv "/usr/local/bin/node" "/Users/pauladdicottevans/.node/bin/npm" "start"
19 error node v5.0.0
20 error npm  v3.3.10
21 error code ELIFECYCLE
22 error socket-chat-example@0.0.1 start: `node server.js`
22 error Exit status 1
23 error Failed at the socket-chat-example@0.0.1 start script 'node server.js'.
23 error Make sure you have the latest version of node.js and npm installed.
23 error If you do, this is most likely a problem with the socket-chat-example package,
23 error not with npm itself.
23 error Tell the author that this fails on your system:
23 error     node server.js
23 error You can get their info via:
23 error     npm owner ls socket-chat-example
23 error There is likely additional logging output above.
24 verbose exit [ 1, true ]
